# JRE version: OpenJDK Runtime Environment (17.0.6) (build 17.0.6+0-b2043.56-10027231)
# Java VM: OpenJDK 64-Bit Server VM (17.0.6+0-b2043.56-10027231, mixed mode, tiered, compressed oops, compressed class ptrs, g1 gc, windows-amd64)
GC Precious Log:
 CPUs: 8 total, 8 available
 Memory: 6005M
 Large Page Support: Disabled
 NUMA Support: Disabled
 Compressed Oops: Enabled (32-bit)
 Heap Region Size: 1M
 Heap Min Capacity: 8M
 Heap Initial Capacity: 94M
 Heap Max Capacity: 2G
 Pre-touch: Disabled
 Parallel Workers: 8
 Concurrent Workers: 2
 Concurrent Refinement Workers: 8
 Periodic GC: Disabled
Heap:
 garbage-first heap   total 562176K, used 289907K [0x0000000080000000, 0x0000000100000000)
  region size 1024K, 11 young (11264K), 1 survivors (1024K)
 Metaspace       used 181226K, committed 182720K, reserved 1212416K
  class space    used 23244K, committed 24000K, reserved 1048576K
GC Heap History (20 events):
Event: 1403.372 GC heap before
{Heap before GC invocations=63 (full 0):
 garbage-first heap   total 502784K, used 307046K [0x0000000080000000, 0x0000000100000000)
  region size 1024K, 24 young (24576K), 9 survivors (9216K)
 Metaspace       used 178874K, committed 180160K, reserved 1212416K
  class space    used 23059K, committed 23680K, reserved 1048576K
}
Event: 1403.550 GC heap after
{Heap after GC invocations=64 (full 0):
 garbage-first heap   total 502784K, used 274432K [0x0000000080000000, 0x0000000100000000)
  region size 1024K, 3 young (3072K), 3 survivors (3072K)
 Metaspace       used 178874K, committed 180160K, reserved 1212416K
  class space    used 23059K, committed 23680K, reserved 1048576K
}
Event: 1523.022 GC heap before
{Heap before GC invocations=64 (full 0):
 garbage-first heap   total 502784K, used 411648K [0x0000000080000000, 0x0000000100000000)
  region size 1024K, 138 young (141312K), 3 survivors (3072K)
 Metaspace       used 179506K, committed 180800K, reserved 1212416K
  class space    used 23087K, committed 23744K, reserved 1048576K
}
Event: 1523.268 GC heap after
{Heap after GC invocations=65 (full 0):
 garbage-first heap   total 502784K, used 286145K [0x0000000080000000, 0x0000000100000000)
  region size 1024K, 15 young (15360K), 15 survivors (15360K)
 Metaspace       used 179506K, committed 180800K, reserved 1212416K
  class space    used 23087K, committed 23744K, reserved 1048576K
}
Event: 1525.945 GC heap before
{Heap before GC invocations=65 (full 0):
 garbage-first heap   total 502784K, used 348609K [0x0000000080000000, 0x0000000100000000)
  region size 1024K, 77 young (78848K), 15 survivors (15360K)
 Metaspace       used 179749K, committed 181056K, reserved 1212416K
  class space    used 23096K, committed 23744K, reserved 1048576K
}
Event: 1526.021 GC heap after
{Heap after GC invocations=66 (full 0):
 garbage-first heap   total 502784K, used 294912K [0x0000000080000000, 0x0000000100000000)
  region size 1024K, 9 young (9216K), 9 survivors (9216K)
 Metaspace       used 179749K, committed 181056K, reserved 1212416K
  class space    used 23096K, committed 23744K, reserved 1048576K
}
Event: 1609.130 GC heap before
{Heap before GC invocations=67 (full 0):
 garbage-first heap   total 560128K, used 388096K [0x0000000080000000, 0x0000000100000000)
  region size 1024K, 101 young (103424K), 9 survivors (9216K)
 Metaspace       used 180527K, committed 182016K, reserved 1212416K
  class space    used 23200K, committed 23936K, reserved 1048576K
}
Event: 1609.278 GC heap after
{Heap after GC invocations=68 (full 0):
 garbage-first heap   total 560128K, used 303591K [0x0000000080000000, 0x0000000100000000)
  region size 1024K, 9 young (9216K), 9 survivors (9216K)
 Metaspace       used 180527K, committed 182016K, reserved 1212416K
  class space    used 23200K, committed 23936K, reserved 1048576K
}
Event: 1609.767 GC heap before
{Heap before GC invocations=68 (full 0):
 garbage-first heap   total 560128K, used 322023K [0x0000000080000000, 0x0000000100000000)
  region size 1024K, 27 young (27648K), 9 survivors (9216K)
 Metaspace       used 180560K, committed 182016K, reserved 1212416K
  class space    used 23203K, committed 23936K, reserved 1048576K
}
Event: 1609.936 GC heap after
{Heap after GC invocations=69 (full 0):
 garbage-first heap   total 560128K, used 292864K [0x0000000080000000, 0x0000000100000000)
  region size 1024K, 3 young (3072K), 3 survivors (3072K)
 Metaspace       used 180560K, committed 182016K, reserved 1212416K
  class space    used 23203K, committed 23936K, reserved 1048576K
}
Event: 1664.844 GC heap before
{Heap before GC invocations=69 (full 0):
 garbage-first heap   total 560128K, used 445440K [0x0000000080000000, 0x0000000100000000)
  region size 1024K, 153 young (156672K), 3 survivors (3072K)
 Metaspace       used 180993K, committed 182464K, reserved 1212416K
  class space    used 23234K, committed 24000K, reserved 1048576K
}
Event: 1664.989 GC heap after
{Heap after GC invocations=70 (full 0):
 garbage-first heap   total 560128K, used 306992K [0x0000000080000000, 0x0000000100000000)
  region size 1024K, 17 young (17408K), 17 survivors (17408K)
 Metaspace       used 180993K, committed 182464K, reserved 1212416K
  class space    used 23234K, committed 24000K, reserved 1048576K
}
Event: 1815.230 GC heap before
{Heap before GC invocations=71 (full 0):
 garbage-first heap   total 562176K, used 377648K [0x0000000080000000, 0x0000000100000000)
  region size 1024K, 92 young (94208K), 17 survivors (17408K)
 Metaspace       used 181111K, committed 182656K, reserved 1212416K
  class space    used 23234K, committed 24000K, reserved 1048576K
}
Event: 1815.689 GC heap after
{Heap after GC invocations=72 (full 0):
 garbage-first heap   total 562176K, used 306582K [0x0000000080000000, 0x0000000100000000)
  region size 1024K, 8 young (8192K), 8 survivors (8192K)
 Metaspace       used 181111K, committed 182656K, reserved 1212416K
  class space    used 23234K, committed 24000K, reserved 1048576K
}
Event: 4053.477 GC heap before
{Heap before GC invocations=72 (full 0):
 garbage-first heap   total 562176K, used 326038K [0x0000000080000000, 0x0000000100000000)
  region size 1024K, 27 young (27648K), 8 survivors (8192K)
 Metaspace       used 181151K, committed 182656K, reserved 1212416K
  class space    used 23234K, committed 24000K, reserved 1048576K
}
Event: 4055.265 GC heap after
{Heap after GC invocations=73 (full 0):
 garbage-first heap   total 562176K, used 282453K [0x0000000080000000, 0x0000000100000000)
  region size 1024K, 1 young (1024K), 1 survivors (1024K)
 Metaspace       used 181151K, committed 182656K, reserved 1212416K
  class space    used 23234K, committed 24000K, reserved 1048576K
}
Event: 4112.234 GC heap before
{Heap before GC invocations=73 (full 0):
 garbage-first heap   total 562176K, used 309077K [0x0000000080000000, 0x0000000100000000)
  region size 1024K, 27 young (27648K), 1 survivors (1024K)
 Metaspace       used 181171K, committed 182656K, reserved 1212416K
  class space    used 23234K, committed 24000K, reserved 1048576K
}
Event: 4112.898 GC heap after
{Heap after GC invocations=74 (full 0):
 garbage-first heap   total 562176K, used 280461K [0x0000000080000000, 0x0000000100000000)
  region size 1024K, 1 young (1024K), 1 survivors (1024K)
 Metaspace       used 181171K, committed 182656K, reserved 1212416K
  class space    used 23234K, committed 24000K, reserved 1048576K
}
Event: 5029.839 GC heap before
{Heap before GC invocations=74 (full 0):
 garbage-first heap   total 562176K, used 307085K [0x0000000080000000, 0x0000000100000000)
  region size 1024K, 27 young (27648K), 1 survivors (1024K)
 Metaspace       used 181190K, committed 182720K, reserved 1212416K
  class space    used 23236K, committed 24000K, reserved 1048576K
}
Event: 5030.103 GC heap after
{Heap after GC invocations=75 (full 0):
 garbage-first heap   total 562176K, used 280691K [0x0000000080000000, 0x0000000100000000)
  region size 1024K, 1 young (1024K), 1 survivors (1024K)
 Metaspace       used 181190K, committed 182720K, reserved 1212416K
  class space    used 23236K, committed 24000K, reserved 1048576K
}

